<?xml version="1.0" encoding="UTF-8"?>
<testsuite xmlns:xsi="http://www.w3.org/2001/XMLSchema-instance" xsi:schemaLocation="https://maven.apache.org/surefire/maven-surefire-plugin/xsd/surefire-test-report.xsd" name="com.bofa.BofATest" time="167.51" tests="24" errors="0" skipped="0" failures="0">
  <properties>
    <property name="java.runtime.name" value="Java(TM) SE Runtime Environment"/>
    <property name="sun.boot.library.path" value="/Library/Java/JavaVirtualMachines/jdk1.8.0_271.jdk/Contents/Home/jre/lib"/>
    <property name="java.vm.version" value="25.271-b09"/>
    <property name="gopherProxySet" value="false"/>
    <property name="java.vm.vendor" value="Oracle Corporation"/>
    <property name="maven.multiModuleProjectDirectory" value="/Users/frankleyenaar/Data/Sauce/MadKudo-Demo"/>
    <property name="java.vendor.url" value="http://java.oracle.com/"/>
    <property name="path.separator" value=":"/>
    <property name="guice.disable.misplaced.annotation.check" value="true"/>
    <property name="java.vm.name" value="Java HotSpot(TM) 64-Bit Server VM"/>
    <property name="file.encoding.pkg" value="sun.io"/>
    <property name="user.country" value="US"/>
    <property name="sun.java.launcher" value="SUN_STANDARD"/>
    <property name="sun.os.patch.level" value="unknown"/>
    <property name="java.vm.specification.name" value="Java Virtual Machine Specification"/>
    <property name="user.dir" value="/Users/frankleyenaar/Data/Sauce/MadKudo-Demo"/>
    <property name="java.runtime.version" value="1.8.0_271-b09"/>
    <property name="java.awt.graphicsenv" value="sun.awt.CGraphicsEnvironment"/>
    <property name="java.endorsed.dirs" value="/Library/Java/JavaVirtualMachines/jdk1.8.0_271.jdk/Contents/Home/jre/lib/endorsed"/>
    <property name="os.arch" value="x86_64"/>
    <property name="java.io.tmpdir" value="/var/folders/9m/s1jh8mnd2vd_9v4r2rgsc1mm0000gn/T/"/>
    <property name="line.separator" value="&#10;"/>
    <property name="java.vm.specification.vendor" value="Oracle Corporation"/>
    <property name="os.name" value="Mac OS X"/>
    <property name="classworlds.conf" value="/Library/apache-maven-3.6.3/bin/m2.conf"/>
    <property name="sun.jnu.encoding" value="UTF-8"/>
    <property name="java.library.path" value="/Users/frankleyenaar/Library/Java/Extensions:/Library/Java/Extensions:/Network/Library/Java/Extensions:/System/Library/Java/Extensions:/usr/lib/java:."/>
    <property name="maven.conf" value="/Library/apache-maven-3.6.3/conf"/>
    <property name="java.specification.name" value="Java Platform API Specification"/>
    <property name="java.class.version" value="52.0"/>
    <property name="sun.management.compiler" value="HotSpot 64-Bit Tiered Compilers"/>
    <property name="os.version" value="10.16"/>
    <property name="library.jansi.path" value="/Library/apache-maven-3.6.3/lib/jansi-native"/>
    <property name="http.nonProxyHosts" value="local|*.local|169.254/16|*.169.254/16"/>
    <property name="user.home" value="/Users/frankleyenaar"/>
    <property name="user.timezone" value="America/New_York"/>
    <property name="java.awt.printerjob" value="sun.lwawt.macosx.CPrinterJob"/>
    <property name="java.specification.version" value="1.8"/>
    <property name="file.encoding" value="UTF-8"/>
    <property name="user.name" value="frankleyenaar"/>
    <property name="java.class.path" value="/Library/apache-maven-3.6.3/boot/plexus-classworlds-2.6.0.jar"/>
    <property name="java.vm.specification.version" value="1.8"/>
    <property name="sun.arch.data.model" value="64"/>
    <property name="java.home" value="/Library/Java/JavaVirtualMachines/jdk1.8.0_271.jdk/Contents/Home/jre"/>
    <property name="sun.java.command" value="org.codehaus.plexus.classworlds.launcher.Launcher test"/>
    <property name="java.specification.vendor" value="Oracle Corporation"/>
    <property name="user.language" value="en"/>
    <property name="awt.toolkit" value="sun.lwawt.macosx.LWCToolkit"/>
    <property name="java.vm.info" value="mixed mode"/>
    <property name="java.version" value="1.8.0_271"/>
    <property name="java.ext.dirs" value="/Users/frankleyenaar/Library/Java/Extensions:/Library/Java/JavaVirtualMachines/jdk1.8.0_271.jdk/Contents/Home/jre/lib/ext:/Library/Java/Extensions:/Network/Library/Java/Extensions:/System/Library/Java/Extensions:/usr/lib/java"/>
    <property name="sun.boot.class.path" value="/Library/Java/JavaVirtualMachines/jdk1.8.0_271.jdk/Contents/Home/jre/lib/resources.jar:/Library/Java/JavaVirtualMachines/jdk1.8.0_271.jdk/Contents/Home/jre/lib/rt.jar:/Library/Java/JavaVirtualMachines/jdk1.8.0_271.jdk/Contents/Home/jre/lib/sunrsasign.jar:/Library/Java/JavaVirtualMachines/jdk1.8.0_271.jdk/Contents/Home/jre/lib/jsse.jar:/Library/Java/JavaVirtualMachines/jdk1.8.0_271.jdk/Contents/Home/jre/lib/jce.jar:/Library/Java/JavaVirtualMachines/jdk1.8.0_271.jdk/Contents/Home/jre/lib/charsets.jar:/Library/Java/JavaVirtualMachines/jdk1.8.0_271.jdk/Contents/Home/jre/lib/jfr.jar:/Library/Java/JavaVirtualMachines/jdk1.8.0_271.jdk/Contents/Home/jre/classes"/>
    <property name="java.vendor" value="Oracle Corporation"/>
    <property name="maven.home" value="/Library/apache-maven-3.6.3"/>
    <property name="file.separator" value="/"/>
    <property name="java.vendor.url.bug" value="http://bugreport.sun.com/bugreport/"/>
    <property name="sun.cpu.endian" value="little"/>
    <property name="sun.io.unicode.encoding" value="UnicodeBig"/>
    <property name="socksNonProxyHosts" value="local|*.local|169.254/16|*.169.254/16"/>
    <property name="ftp.nonProxyHosts" value="local|*.local|169.254/16|*.169.254/16"/>
    <property name="sun.cpu.isalist" value=""/>
  </properties>
  <testcase name="MadKuduPageTitle" classname="com.bofa.BofATest" time="12.367"/>
  <testcase name="MadKuduPageTitle" classname="com.bofa.BofATest" time="3.684"/>
  <testcase name="MadKuduPageTitle" classname="com.bofa.BofATest" time="4.218"/>
  <testcase name="MadKuduPageTitle" classname="com.bofa.BofATest" time="4.252"/>
  <testcase name="MadKuduPageTitle" classname="com.bofa.BofATest" time="0.127"/>
  <testcase name="MadKuduPageTitle" classname="com.bofa.BofATest" time="0.485"/>
  <testcase name="MadKuduPageTitle" classname="com.bofa.BofATest" time="7.649"/>
  <testcase name="MadKuduPageTitle" classname="com.bofa.BofATest" time="9.011"/>
  <testcase name="MadKuduPageTitle" classname="com.bofa.BofATest" time="17.892"/>
  <testcase name="MadKuduPageTitle" classname="com.bofa.BofATest" time="26.505"/>
  <testcase name="MadKuduPageTitle" classname="com.bofa.BofATest" time="48.063"/>
  <testcase name="MadKuduPageTitle" classname="com.bofa.BofATest" time="82.276"/>
  <testcase name="MadKuduFunc" classname="com.bofa.BofATest" time="0.267"/>
  <testcase name="MadKuduFunc" classname="com.bofa.BofATest" time="1.02"/>
  <testcase name="MadKuduFunc" classname="com.bofa.BofATest" time="1.959"/>
  <testcase name="MadKuduFunc" classname="com.bofa.BofATest" time="3.53"/>
  <testcase name="MadKuduFunc" classname="com.bofa.BofATest" time="4.966"/>
  <testcase name="MadKuduFunc" classname="com.bofa.BofATest" time="8.156"/>
  <testcase name="MadKuduFunc" classname="com.bofa.BofATest" time="9.259"/>
  <testcase name="MadKuduFunc" classname="com.bofa.BofATest" time="9.594"/>
  <testcase name="MadKuduFunc" classname="com.bofa.BofATest" time="18.901"/>
  <testcase name="MadKuduFunc" classname="com.bofa.BofATest" time="33.475"/>
  <testcase name="MadKuduFunc" classname="com.bofa.BofATest" time="43.332"/>
  <testcase name="MadKuduFunc" classname="com.bofa.BofATest" time="146.698"/>
</testsuite>