<?xml version="1.0" encoding="UTF-8"?>
<!-- Generated by org.testng.reporters.JUnitReportReporter -->
<testsuite name="com.bofa.BofATest" tests="24" time="876.238" ignored="0" failures="0" timestamp="14 Apr 2023 16:36:30 GMT" skipped="0" hostname="SL-2037" errors="0">
  <testcase name="MadKuduPageTitle" time="13.011" classname="com.bofa.BofATest"/>
  <testcase name="MadKuduFunc" time="24.737" classname="com.bofa.BofATest"/>
  <testcase name="MadKuduFunc" time="19.807" classname="com.bofa.BofATest"/>
  <testcase name="MadKuduPageTitle" time="28.221" classname="com.bofa.BofATest"/>
  <testcase name="MadKuduPageTitle" time="16.913" classname="com.bofa.BofATest"/>
  <testcase name="MadKuduFunc" time="17.792" classname="com.bofa.BofATest"/>
  <testcase name="MadKuduFunc" time="167.857" classname="com.bofa.BofATest"/>
  <testcase name="MadKuduFunc" time="29.545" classname="com.bofa.BofATest"/>
  <testcase name="MadKuduPageTitle" time="18.926" classname="com.bofa.BofATest"/>
  <testcase name="MadKuduPageTitle" time="68.418" classname="com.bofa.BofATest"/>
  <testcase name="MadKuduPageTitle" time="29.534" classname="com.bofa.BofATest"/>
  <testcase name="MadKuduFunc" time="33.984" classname="com.bofa.BofATest"/>
  <testcase name="MadKuduPageTitle" time="102.769" classname="com.bofa.BofATest"/>
  <testcase name="MadKuduPageTitle" time="17.691" classname="com.bofa.BofATest"/>
  <testcase name="MadKuduFunc" time="29.297" classname="com.bofa.BofATest"/>
  <testcase name="MadKuduFunc" time="45.770" classname="com.bofa.BofATest"/>
  <testcase name="MadKuduFunc" time="23.133" classname="com.bofa.BofATest"/>
  <testcase name="MadKuduPageTitle" time="18.011" classname="com.bofa.BofATest"/>
  <testcase name="MadKuduPageTitle" time="18.848" classname="com.bofa.BofATest"/>
  <testcase name="MadKuduPageTitle" time="29.731" classname="com.bofa.BofATest"/>
  <testcase name="MadKuduFunc" time="41.636" classname="com.bofa.BofATest"/>
  <testcase name="MadKuduFunc" time="29.871" classname="com.bofa.BofATest"/>
  <testcase name="MadKuduPageTitle" time="25.294" classname="com.bofa.BofATest"/>
  <testcase name="MadKuduFunc" time="25.442" classname="com.bofa.BofATest"/>
</testsuite> <!-- com.bofa.BofATest -->
